<?xml version="1.0" encoding="UTF-8"?>
<coverage generated="1451239806">
  <project timestamp="1451239806">
    <package name="Spot\TOTP">
      <file name="E:\Sandbox\TOTP\src/TOTP.php">
        <class name="TOTP" namespace="Spot\TOTP">
          <metrics methods="9" coveredmethods="6" conditionals="0" coveredconditionals="0" statements="65" coveredstatements="57" elements="74" coveredelements="63"/>
        </class>
        <line num="21" type="method" name="__construct" crap="3.14" count="5"/>
        <line num="23" type="stmt" count="5"/>
        <line num="24" type="stmt" count="0"/>
        <line num="26" type="stmt" count="5"/>
        <line num="27" type="stmt" count="5"/>
        <line num="30" type="method" name="getCodeLength" crap="1" count="2"/>
        <line num="32" type="stmt" count="2"/>
        <line num="42" type="method" name="createSecret" crap="2" count="1"/>
        <line num="44" type="stmt" count="1"/>
        <line num="45" type="stmt" count="1"/>
        <line num="46" type="stmt" count="1"/>
        <line num="47" type="stmt" count="1"/>
        <line num="49" type="stmt" count="1"/>
        <line num="55" type="method" name="getCode" crap="2" count="2"/>
        <line num="57" type="stmt" count="2"/>
        <line num="58" type="stmt" count="1"/>
        <line num="60" type="stmt" count="2"/>
        <line num="63" type="stmt" count="2"/>
        <line num="65" type="stmt" count="2"/>
        <line num="67" type="stmt" count="2"/>
        <line num="69" type="stmt" count="2"/>
        <line num="71" type="stmt" count="2"/>
        <line num="72" type="stmt" count="2"/>
        <line num="74" type="stmt" count="2"/>
        <line num="76" type="stmt" count="2"/>
        <line num="77" type="stmt" count="2"/>
        <line num="83" type="method" name="getQRCodeUrl" crap="2" count="1"/>
        <line num="85" type="stmt" count="1"/>
        <line num="87" type="stmt" count="1"/>
        <line num="88" type="stmt" count="1"/>
        <line num="89" type="stmt" count="1"/>
        <line num="92" type="stmt" count="1"/>
        <line num="99" type="method" name="verifyCode" crap="5.03" count="1"/>
        <line num="101" type="stmt" count="1"/>
        <line num="102" type="stmt" count="1"/>
        <line num="105" type="stmt" count="1"/>
        <line num="106" type="stmt" count="0"/>
        <line num="110" type="stmt" count="1"/>
        <line num="111" type="stmt" count="1"/>
        <line num="112" type="stmt" count="1"/>
        <line num="113" type="stmt" count="1"/>
        <line num="118" type="stmt" count="1"/>
        <line num="127" type="method" name="validateSecret" crap="8.83" count="2"/>
        <line num="129" type="stmt" count="2"/>
        <line num="130" type="stmt" count="0"/>
        <line num="134" type="stmt" count="2"/>
        <line num="135" type="stmt" count="2"/>
        <line num="136" type="stmt" count="0"/>
        <line num="140" type="stmt" count="2"/>
        <line num="141" type="stmt" count="2"/>
        <line num="142" type="stmt" count="2"/>
        <line num="143" type="stmt" count="0"/>
        <line num="144" type="stmt" count="0"/>
        <line num="147" type="stmt" count="2"/>
        <line num="148" type="stmt" count="0"/>
        <line num="149" type="stmt" count="0"/>
        <line num="152" type="stmt" count="2"/>
        <line num="157" type="method" name="base32Decode" crap="6" count="2"/>
        <line num="159" type="stmt" count="2"/>
        <line num="161" type="stmt" count="2"/>
        <line num="163" type="stmt" count="2"/>
        <line num="164" type="stmt" count="2"/>
        <line num="167" type="stmt" count="2"/>
        <line num="168" type="stmt" count="2"/>
        <line num="169" type="stmt" count="2"/>
        <line num="170" type="stmt" count="2"/>
        <line num="171" type="stmt" count="2"/>
        <line num="172" type="stmt" count="2"/>
        <line num="175" type="stmt" count="2"/>
        <line num="176" type="stmt" count="2"/>
        <line num="177" type="stmt" count="2"/>
        <line num="181" type="stmt" count="2"/>
        <line num="189" type="method" name="getBase32LookupTable" crap="1" count="3"/>
        <line num="192" type="stmt" count="3"/>
        <metrics loc="198" ncloc="124" classes="1" methods="9" coveredmethods="6" conditionals="0" coveredconditionals="0" statements="65" coveredstatements="57" elements="74" coveredelements="63"/>
      </file>
    </package>
    <metrics files="1" loc="198" ncloc="124" classes="1" methods="9" coveredmethods="6" conditionals="0" coveredconditionals="0" statements="65" coveredstatements="57" elements="74" coveredelements="63"/>
  </project>
</coverage>
